<?xml version="1.0" encoding="UTF-8"?>
<!-- Generated by org.testng.reporters.JUnitReportReporter -->
<testsuite hostname="DESKTOP-27H1EF4" failures="0" tests="3" name="com.qa.opencart.test.AccountsPageTest" time="2.116" errors="0" timestamp="2022-04-21T20:49:29 IST" skipped="0">
  <testcase classname="com.qa.opencart.test.AccountsPageTest" name="AccountPageSectionListTest" time="0.091"/>
  <system-out/>
  <testcase classname="com.qa.opencart.test.AccountsPageTest" name="accPageUrlTest" time="0.012"/>
  <system-out/>
  <testcase classname="com.qa.opencart.test.AccountsPageTest" name="accPageTitleTest" time="2.013"/>
  <system-out/>
</testsuite> <!-- com.qa.opencart.test.AccountsPageTest -->
