<?xml version="1.0" encoding="UTF-8"?>
<!-- Generated by org.testng.reporters.JUnitReportReporter -->
<testsuite hostname="LAPTOP-FAVJPDF6" failures="0" tests="4" name="com.qa.opencart.test.LoginPageTest" time="4.281" errors="0" timestamp="2022-05-27T23:12:27 IST" skipped="0">
  <testcase classname="com.qa.opencart.test.LoginPageTest" name="loginPageTitleTest" time="0.032"/>
  <system-out/>
  <testcase classname="com.qa.opencart.test.LoginPageTest" name="loginPageUrlTest" time="0.015"/>
  <system-out/>
  <testcase classname="com.qa.opencart.test.LoginPageTest" name="forgotPwdLinkTest" time="0.077"/>
  <system-out/>
  <testcase classname="com.qa.opencart.test.LoginPageTest" name="doLoginTest" time="4.157"/>
  <system-out/>
</testsuite> <!-- com.qa.opencart.test.LoginPageTest -->
