<?xml version="1.0" encoding="UTF-8"?>
<!-- Generated by org.testng.reporters.JUnitReportReporter -->
<testsuite hostname="DESKTOP-27H1EF4" failures="0" tests="4" name="com.qa.opencart.test.LoginPageTest" time="0.996" errors="0" timestamp="2022-04-23T16:25:01 IST" skipped="0">
  <testcase classname="com.qa.opencart.test.LoginPageTest" name="loginPageTitleTest" time="0.020"/>
  <system-out/>
  <testcase classname="com.qa.opencart.test.LoginPageTest" name="loginPageUrlTest" time="0.011"/>
  <system-out/>
  <testcase classname="com.qa.opencart.test.LoginPageTest" name="forgotPwdLinkTest" time="0.084"/>
  <system-out/>
  <testcase classname="com.qa.opencart.test.LoginPageTest" name="doLoginTest" time="0.881"/>
  <system-out/>
</testsuite> <!-- com.qa.opencart.test.LoginPageTest -->
